<?xml version="1.0" encoding="UTF-8"?>
<!-- Generated by org.testng.reporters.JUnitXMLReporter -->
<testsuite ignored="0" hostname="LTIN240665" failures="1" tests="6" name="Test" time="102.155" errors="0" timestamp="2024-03-10T10:28:07 IST">
  <testcase classname="Testcases.CourseSearch" name="checksite" time="0.113"/>
  <testcase classname="Testcases.CourseSearch" name="checkCorrectTitle" time="3.857"/>
  <testcase classname="Testcases.CourseSearch" name="getCourse" time="22.91"/>
  <testcase classname="Testcases.CourseSearch" name="getRating" time="0.883"/>
  <testcase classname="Testcases.LanguageLearning" name="LanguageLearnings" time="26.123"/>
  <testcase classname="Testcases.ForEnterprise" name="FillForm" time="12.212">
    <failure type="java.lang.AssertionError">
      <![CDATA[java.lang.AssertionError
at org.junit.Assert.fail(Assert.java:87)
at org.junit.Assert.fail(Assert.java:96)
at Testcases.ForEnterprise.FillForm(ForEnterprise.java:65)
at java.base/java.util.ArrayList.forEach(ArrayList.java:1511)
... Removed 27 stack frames]]>
    </failure>
  </testcase> <!-- FillForm -->
</testsuite> <!-- Test -->
