<?xml version="1.0" encoding="UTF-8"?>
<testng-results ignored="0" total="6" passed="5" failed="1" skipped="0">
  <reporter-output>
  </reporter-output>
  <suite started-at="2024-02-28T14:16:29 IST" name="Suite" finished-at="2024-02-28T14:19:22 IST" duration-ms="172985">
    <groups>
      <group name="regression">
        <method signature="CourseSearch.checksite()[pri:1, instance:Testcases.CourseSearch@6c64cb25]" name="checksite" class="Testcases.CourseSearch"/>
        <method signature="ForEnterprise.FillForm()[pri:1, instance:Testcases.ForEnterprise@38c6f217]" name="FillForm" class="Testcases.ForEnterprise"/>
        <method signature="LanguageLearning.LanguageLearnings()[pri:1, instance:Testcases.LanguageLearning@399f45b1]" name="LanguageLearnings" class="Testcases.LanguageLearning"/>
        <method signature="CourseSearch.checkCorrectTitle()[pri:2, instance:Testcases.CourseSearch@6c64cb25]" name="checkCorrectTitle" class="Testcases.CourseSearch"/>
        <method signature="CourseSearch.getCourse()[pri:3, instance:Testcases.CourseSearch@6c64cb25]" name="getCourse" class="Testcases.CourseSearch"/>
        <method signature="CourseSearch.getRating()[pri:4, instance:Testcases.CourseSearch@6c64cb25]" name="getRating" class="Testcases.CourseSearch"/>
      </group> <!-- regression -->
      <group name="master">
        <method signature="CourseSearch.checksite()[pri:1, instance:Testcases.CourseSearch@6c64cb25]" name="checksite" class="Testcases.CourseSearch"/>
        <method signature="ForEnterprise.FillForm()[pri:1, instance:Testcases.ForEnterprise@38c6f217]" name="FillForm" class="Testcases.ForEnterprise"/>
        <method signature="LanguageLearning.LanguageLearnings()[pri:1, instance:Testcases.LanguageLearning@399f45b1]" name="LanguageLearnings" class="Testcases.LanguageLearning"/>
        <method signature="CourseSearch.checkCorrectTitle()[pri:2, instance:Testcases.CourseSearch@6c64cb25]" name="checkCorrectTitle" class="Testcases.CourseSearch"/>
        <method signature="CourseSearch.getCourse()[pri:3, instance:Testcases.CourseSearch@6c64cb25]" name="getCourse" class="Testcases.CourseSearch"/>
        <method signature="CourseSearch.getRating()[pri:4, instance:Testcases.CourseSearch@6c64cb25]" name="getRating" class="Testcases.CourseSearch"/>
      </group> <!-- master -->
    </groups>
    <test started-at="2024-02-28T14:16:29 IST" name="Test" finished-at="2024-02-28T14:19:22 IST" duration-ms="172985">
      <class name="Testcases.LanguageLearning">
        <test-method is-config="true" signature="setup(java.lang.String)[pri:0, instance:Testcases.LanguageLearning@399f45b1]" started-at="2024-02-28T14:17:42 IST" name="setup" finished-at="2024-02-28T14:18:09 IST" duration-ms="26872" status="PASS">
          <params>
            <param index="0">
              <value>
                <![CDATA[chrome]]>
              </value>
            </param>
          </params>
          <reporter-output>
          </reporter-output>
        </test-method> <!-- setup -->
        <test-method signature="LanguageLearnings()[pri:1, instance:Testcases.LanguageLearning@399f45b1]" started-at="2024-02-28T14:18:09 IST" name="LanguageLearnings" finished-at="2024-02-28T14:18:20 IST" duration-ms="11765" status="PASS">
          <reporter-output>
          </reporter-output>
        </test-method> <!-- LanguageLearnings -->
        <test-method is-config="true" signature="tearDown()[pri:0, instance:Testcases.LanguageLearning@399f45b1]" started-at="2024-02-28T14:18:20 IST" name="tearDown" finished-at="2024-02-28T14:18:22 IST" duration-ms="1213" status="PASS">
          <reporter-output>
          </reporter-output>
        </test-method> <!-- tearDown -->
      </class> <!-- Testcases.LanguageLearning -->
      <class name="Testcases.CourseSearch">
        <test-method is-config="true" signature="setup(java.lang.String)[pri:0, instance:Testcases.CourseSearch@6c64cb25]" started-at="2024-02-28T14:16:30 IST" name="setup" finished-at="2024-02-28T14:16:59 IST" duration-ms="29354" status="PASS">
          <params>
            <param index="0">
              <value>
                <![CDATA[chrome]]>
              </value>
            </param>
          </params>
          <reporter-output>
          </reporter-output>
        </test-method> <!-- setup -->
        <test-method signature="checksite()[pri:1, instance:Testcases.CourseSearch@6c64cb25]" started-at="2024-02-28T14:16:59 IST" name="checksite" finished-at="2024-02-28T14:17:29 IST" duration-ms="29640" status="FAIL">
          <exception class="org.openqa.selenium.StaleElementReferenceException">
            <message>
              <![CDATA[stale element reference: stale element not found
  (Session info: chrome=120.0.6099.130)
For documentation on this error, please visit: https://www.selenium.dev/documentation/webdriver/troubleshooting/errors#stale-element-reference-exception
Build info: version: '4.15.0', revision: '1d14b5521b'
System info: os.name: 'Windows 11', os.arch: 'amd64', os.version: '10.0', java.version: '17.0.2'
Driver info: org.openqa.selenium.chrome.ChromeDriver
Command: [d4ddedd9f85573cc4b41b1102a6af4c0, isElementDisplayed {id=62ABA733E318E6CE9F7765D8B7E93442_element_7}]
Capabilities {acceptInsecureCerts: false, browserName: chrome, browserVersion: 120.0.6099.130, chrome: {chromedriverVersion: 120.0.6099.109 (3419140ab66..., userDataDir: C:\Users\2303741\AppData\Lo...}, fedcm:accounts: true, goog:chromeOptions: {debuggerAddress: localhost:53800}, networkConnectionEnabled: false, pageLoadStrategy: normal, platformName: windows, proxy: Proxy(), se:cdp: ws://localhost:53800/devtoo..., se:cdpVersion: 120.0.6099.130, setWindowRect: true, strictFileInteractability: false, timeouts: {implicit: 0, pageLoad: 300000, script: 30000}, unhandledPromptBehavior: dismiss and notify, webauthn:extension:credBlob: true, webauthn:extension:largeBlob: true, webauthn:extension:minPinLength: true, webauthn:extension:prf: true, webauthn:virtualAuthenticators: true}
Element: [[ChromeDriver: chrome on windows (d4ddedd9f85573cc4b41b1102a6af4c0)] -> xpath: //div[@class='css-19qryfx']]
Session ID: d4ddedd9f85573cc4b41b1102a6af4c0]]>
            </message>
            <full-stacktrace>
              <![CDATA[org.openqa.selenium.StaleElementReferenceException: stale element reference: stale element not found
  (Session info: chrome=120.0.6099.130)
For documentation on this error, please visit: https://www.selenium.dev/documentation/webdriver/troubleshooting/errors#stale-element-reference-exception
Build info: version: '4.15.0', revision: '1d14b5521b'
System info: os.name: 'Windows 11', os.arch: 'amd64', os.version: '10.0', java.version: '17.0.2'
Driver info: org.openqa.selenium.chrome.ChromeDriver
Command: [d4ddedd9f85573cc4b41b1102a6af4c0, isElementDisplayed {id=62ABA733E318E6CE9F7765D8B7E93442_element_7}]
Capabilities {acceptInsecureCerts: false, browserName: chrome, browserVersion: 120.0.6099.130, chrome: {chromedriverVersion: 120.0.6099.109 (3419140ab66..., userDataDir: C:\Users\2303741\AppData\Lo...}, fedcm:accounts: true, goog:chromeOptions: {debuggerAddress: localhost:53800}, networkConnectionEnabled: false, pageLoadStrategy: normal, platformName: windows, proxy: Proxy(), se:cdp: ws://localhost:53800/devtoo..., se:cdpVersion: 120.0.6099.130, setWindowRect: true, strictFileInteractability: false, timeouts: {implicit: 0, pageLoad: 300000, script: 30000}, unhandledPromptBehavior: dismiss and notify, webauthn:extension:credBlob: true, webauthn:extension:largeBlob: true, webauthn:extension:minPinLength: true, webauthn:extension:prf: true, webauthn:virtualAuthenticators: true}
Element: [[ChromeDriver: chrome on windows (d4ddedd9f85573cc4b41b1102a6af4c0)] -> xpath: //div[@class='css-19qryfx']]
Session ID: d4ddedd9f85573cc4b41b1102a6af4c0
at java.base/jdk.internal.reflect.NativeConstructorAccessorImpl.newInstance0(Native Method)
at java.base/jdk.internal.reflect.NativeConstructorAccessorImpl.newInstance(NativeConstructorAccessorImpl.java:77)
at java.base/jdk.internal.reflect.DelegatingConstructorAccessorImpl.newInstance(DelegatingConstructorAccessorImpl.java:45)
at java.base/java.lang.reflect.Constructor.newInstanceWithCaller(Constructor.java:499)
at java.base/java.lang.reflect.Constructor.newInstance(Constructor.java:480)
at org.openqa.selenium.remote.codec.w3c.W3CHttpResponseCodec.createException(W3CHttpResponseCodec.java:200)
at org.openqa.selenium.remote.codec.w3c.W3CHttpResponseCodec.decode(W3CHttpResponseCodec.java:133)
at org.openqa.selenium.remote.codec.w3c.W3CHttpResponseCodec.decode(W3CHttpResponseCodec.java:52)
at org.openqa.selenium.remote.HttpCommandExecutor.execute(HttpCommandExecutor.java:191)
at org.openqa.selenium.remote.service.DriverCommandExecutor.invokeExecute(DriverCommandExecutor.java:200)
at org.openqa.selenium.remote.service.DriverCommandExecutor.execute(DriverCommandExecutor.java:175)
at org.openqa.selenium.remote.RemoteWebDriver.execute(RemoteWebDriver.java:607)
at org.openqa.selenium.remote.RemoteWebElement.execute(RemoteWebElement.java:224)
at org.openqa.selenium.remote.RemoteWebElement.isDisplayed(RemoteWebElement.java:283)
at java.base/jdk.internal.reflect.NativeMethodAccessorImpl.invoke0(Native Method)
at java.base/jdk.internal.reflect.NativeMethodAccessorImpl.invoke(NativeMethodAccessorImpl.java:77)
at java.base/jdk.internal.reflect.DelegatingMethodAccessorImpl.invoke(DelegatingMethodAccessorImpl.java:43)
at java.base/java.lang.reflect.Method.invoke(Method.java:568)
at org.openqa.selenium.support.pagefactory.internal.LocatingElementHandler.invoke(LocatingElementHandler.java:51)
at jdk.proxy2/jdk.proxy2.$Proxy27.isDisplayed(Unknown Source)
at Testcases.CourseSearch.checksite(CourseSearch.java:20)
at java.base/jdk.internal.reflect.NativeMethodAccessorImpl.invoke0(Native Method)
at java.base/jdk.internal.reflect.NativeMethodAccessorImpl.invoke(NativeMethodAccessorImpl.java:77)
at java.base/jdk.internal.reflect.DelegatingMethodAccessorImpl.invoke(DelegatingMethodAccessorImpl.java:43)
at java.base/java.lang.reflect.Method.invoke(Method.java:568)
at org.testng.internal.invokers.MethodInvocationHelper.invokeMethod(MethodInvocationHelper.java:139)
at org.testng.internal.invokers.TestInvoker.invokeMethod(TestInvoker.java:664)
at org.testng.internal.invokers.TestInvoker.invokeTestMethod(TestInvoker.java:228)
at org.testng.internal.invokers.MethodRunner.runInSequence(MethodRunner.java:63)
at org.testng.internal.invokers.TestInvoker$MethodInvocationAgent.invoke(TestInvoker.java:961)
at org.testng.internal.invokers.TestInvoker.invokeTestMethods(TestInvoker.java:201)
at org.testng.internal.invokers.TestMethodWorker.invokeTestMethods(TestMethodWorker.java:148)
at org.testng.internal.invokers.TestMethodWorker.run(TestMethodWorker.java:128)
at java.base/java.util.ArrayList.forEach(ArrayList.java:1511)
at org.testng.TestRunner.privateRun(TestRunner.java:819)
at org.testng.TestRunner.run(TestRunner.java:619)
at org.testng.SuiteRunner.runTest(SuiteRunner.java:443)
at org.testng.SuiteRunner.runSequentially(SuiteRunner.java:437)
at org.testng.SuiteRunner.privateRun(SuiteRunner.java:397)
at org.testng.SuiteRunner.run(SuiteRunner.java:336)
at org.testng.SuiteRunnerWorker.runSuite(SuiteRunnerWorker.java:52)
at org.testng.SuiteRunnerWorker.run(SuiteRunnerWorker.java:95)
at org.testng.TestNG.runSuitesSequentially(TestNG.java:1301)
at org.testng.TestNG.runSuitesLocally(TestNG.java:1228)
at org.testng.TestNG.runSuites(TestNG.java:1134)
at org.testng.TestNG.run(TestNG.java:1101)
at org.apache.maven.surefire.testng.TestNGExecutor.run(TestNGExecutor.java:308)
at org.apache.maven.surefire.testng.TestNGXmlTestSuite.execute(TestNGXmlTestSuite.java:71)
at org.apache.maven.surefire.testng.TestNGProvider.invoke(TestNGProvider.java:113)
at org.apache.maven.surefire.booter.ForkedBooter.runSuitesInProcess(ForkedBooter.java:385)
at org.apache.maven.surefire.booter.ForkedBooter.execute(ForkedBooter.java:162)
at org.apache.maven.surefire.booter.ForkedBooter.run(ForkedBooter.java:507)
at org.apache.maven.surefire.booter.ForkedBooter.main(ForkedBooter.java:495)
]]>
            </full-stacktrace>
          </exception> <!-- org.openqa.selenium.StaleElementReferenceException -->
          <reporter-output>
          </reporter-output>
        </test-method> <!-- checksite -->
        <test-method signature="checkCorrectTitle()[pri:2, instance:Testcases.CourseSearch@6c64cb25]" started-at="2024-02-28T14:17:29 IST" name="checkCorrectTitle" finished-at="2024-02-28T14:17:35 IST" duration-ms="5629" status="PASS">
          <reporter-output>
          </reporter-output>
        </test-method> <!-- checkCorrectTitle -->
        <test-method signature="getCourse()[pri:3, instance:Testcases.CourseSearch@6c64cb25]" started-at="2024-02-28T14:17:35 IST" name="getCourse" finished-at="2024-02-28T14:17:39 IST" duration-ms="4345" status="PASS">
          <reporter-output>
          </reporter-output>
        </test-method> <!-- getCourse -->
        <test-method signature="getRating()[pri:4, instance:Testcases.CourseSearch@6c64cb25]" started-at="2024-02-28T14:17:39 IST" name="getRating" finished-at="2024-02-28T14:17:40 IST" duration-ms="1112" status="PASS">
          <reporter-output>
          </reporter-output>
        </test-method> <!-- getRating -->
        <test-method is-config="true" signature="tearDown()[pri:0, instance:Testcases.CourseSearch@6c64cb25]" started-at="2024-02-28T14:17:40 IST" name="tearDown" finished-at="2024-02-28T14:17:42 IST" duration-ms="1382" status="PASS">
          <reporter-output>
          </reporter-output>
        </test-method> <!-- tearDown -->
      </class> <!-- Testcases.CourseSearch -->
      <class name="Testcases.ForEnterprise">
        <test-method is-config="true" signature="setup(java.lang.String)[pri:0, instance:Testcases.ForEnterprise@38c6f217]" started-at="2024-02-28T14:18:22 IST" name="setup" finished-at="2024-02-28T14:18:57 IST" duration-ms="35813" status="PASS">
          <params>
            <param index="0">
              <value>
                <![CDATA[chrome]]>
              </value>
            </param>
          </params>
          <reporter-output>
          </reporter-output>
        </test-method> <!-- setup -->
        <test-method signature="FillForm()[pri:1, instance:Testcases.ForEnterprise@38c6f217]" started-at="2024-02-28T14:18:57 IST" name="FillForm" finished-at="2024-02-28T14:19:21 IST" duration-ms="23541" status="PASS">
          <reporter-output>
          </reporter-output>
        </test-method> <!-- FillForm -->
        <test-method is-config="true" signature="tearDown()[pri:0, instance:Testcases.ForEnterprise@38c6f217]" started-at="2024-02-28T14:19:21 IST" name="tearDown" finished-at="2024-02-28T14:19:22 IST" duration-ms="1393" status="PASS">
          <reporter-output>
          </reporter-output>
        </test-method> <!-- tearDown -->
      </class> <!-- Testcases.ForEnterprise -->
    </test> <!-- Test -->
  </suite> <!-- Suite -->
</testng-results>
