<?xml version="1.0" encoding="UTF-8"?>
<testng-results ignored="0" total="2" passed="2" failed="0" skipped="0">
  <reporter-output>
  </reporter-output>
  <suite started-at="2024-02-26T20:24:17 IST" name="Suite" finished-at="2024-02-26T20:24:35 IST" duration-ms="17412">
    <groups>
      <group name="regression">
        <method signature="CourseSearch.checkCorrectTitle()[pri:0, instance:Testcases.CourseSearch@6d763516]" name="checkCorrectTitle" class="Testcases.CourseSearch"/>
        <method signature="CourseSearch.checksite()[pri:0, instance:Testcases.CourseSearch@6d763516]" name="checksite" class="Testcases.CourseSearch"/>
      </group> <!-- regression -->
      <group name="master">
        <method signature="CourseSearch.checkCorrectTitle()[pri:0, instance:Testcases.CourseSearch@6d763516]" name="checkCorrectTitle" class="Testcases.CourseSearch"/>
        <method signature="CourseSearch.checksite()[pri:0, instance:Testcases.CourseSearch@6d763516]" name="checksite" class="Testcases.CourseSearch"/>
      </group> <!-- master -->
    </groups>
    <test started-at="2024-02-26T20:24:17 IST" name="Test" finished-at="2024-02-26T20:24:35 IST" duration-ms="17412">
      <class name="Testcases.CourseSearch">
        <test-method is-config="true" signature="setup(java.lang.String)[pri:0, instance:Testcases.CourseSearch@6d763516]" started-at="2024-02-26T20:24:17 IST" name="setup" finished-at="2024-02-26T20:24:28 IST" duration-ms="10709" status="PASS">
          <params>
            <param index="0">
              <value>
                <![CDATA[chrome]]>
              </value>
            </param>
          </params>
          <reporter-output>
          </reporter-output>
        </test-method> <!-- setup -->
        <test-method signature="checkCorrectTitle()[pri:0, instance:Testcases.CourseSearch@6d763516]" started-at="2024-02-26T20:24:28 IST" name="checkCorrectTitle" finished-at="2024-02-26T20:24:33 IST" duration-ms="5485" status="PASS">
          <reporter-output>
          </reporter-output>
        </test-method> <!-- checkCorrectTitle -->
        <test-method signature="checksite()[pri:0, instance:Testcases.CourseSearch@6d763516]" started-at="2024-02-26T20:24:33 IST" name="checksite" finished-at="2024-02-26T20:24:34 IST" duration-ms="44" status="PASS">
          <reporter-output>
          </reporter-output>
        </test-method> <!-- checksite -->
        <test-method is-config="true" signature="tearDown()[pri:0, instance:Testcases.CourseSearch@6d763516]" started-at="2024-02-26T20:24:34 IST" name="tearDown" finished-at="2024-02-26T20:24:35 IST" duration-ms="1125" status="PASS">
          <reporter-output>
          </reporter-output>
        </test-method> <!-- tearDown -->
      </class> <!-- Testcases.CourseSearch -->
    </test> <!-- Test -->
  </suite> <!-- Suite -->
</testng-results>
